<?xml version="1.0" encoding="UTF-8"?>
<!-- Generated by org.testng.reporters.JUnitReportReporter -->
<testsuite hostname="DESKTOP-FF6Q8S9" failures="0" tests="4" name="com.orangeHRM.qa.tests.JobTitlesPageTest" time="12.038" errors="0" timestamp="25 Jan 2021 14:53:05 GMT" skipped="0">
  <testcase classname="com.orangeHRM.qa.tests.JobTitlesPageTest" name="addJobTitleTest" time="2.180"/>
  <testcase classname="com.orangeHRM.qa.tests.JobTitlesPageTest" name="jobPageTitleTest" time="0.054"/>
  <testcase classname="com.orangeHRM.qa.tests.JobTitlesPageTest" name="addJobTitleTest" time="7.465"/>
  <testcase classname="com.orangeHRM.qa.tests.JobTitlesPageTest" name="addJobTitleTest" time="2.339"/>
</testsuite> <!-- com.orangeHRM.qa.tests.JobTitlesPageTest -->
