<?xml version="1.0" encoding="UTF-8"?>
<!-- Generated by org.testng.reporters.JUnitReportReporter -->
<testsuite hostname="DESKTOP-FF6Q8S9" failures="0" tests="4" name="com.orangeHRM.qa.tests.LoginPageTest" time="2.634" errors="0" timestamp="25 Jan 2021 14:53:05 GMT" skipped="0">
  <testcase classname="com.orangeHRM.qa.tests.LoginPageTest" name="LoginErrMsgTest" time="0.240"/>
  <testcase classname="com.orangeHRM.qa.tests.LoginPageTest" name="incorrectUsrPwdTest" time="2.274"/>
  <testcase classname="com.orangeHRM.qa.tests.LoginPageTest" name="footerlinkTest" time="0.101"/>
  <testcase classname="com.orangeHRM.qa.tests.LoginPageTest" name="titleTest" time="0.019"/>
</testsuite> <!-- com.orangeHRM.qa.tests.LoginPageTest -->
