<?xml version="1.0" encoding="UTF-8"?>
<!-- Generated by org.testng.reporters.JUnitReportReporter -->
<testsuite hostname="DESKTOP-FF6Q8S9" failures="0" tests="4" name="com.orangeHRM.qa.tests.LoginPageTest" time="2.490" errors="0" timestamp="15 Jan 2021 02:22:23 GMT" skipped="0">
  <testcase classname="com.orangeHRM.qa.tests.LoginPageTest" name="incorrectUsrPwdTest" time="2.134"/>
  <testcase classname="com.orangeHRM.qa.tests.LoginPageTest" name="footerlinkTest" time="0.120"/>
  <testcase classname="com.orangeHRM.qa.tests.LoginPageTest" name="LoginErrMsgTest" time="0.221"/>
  <testcase classname="com.orangeHRM.qa.tests.LoginPageTest" name="titleTest" time="0.015"/>
</testsuite> <!-- com.orangeHRM.qa.tests.LoginPageTest -->
