<?xml version="1.0" encoding="UTF-8"?>
<!-- Generated by org.testng.reporters.JUnitReportReporter -->
<testsuite hostname="DESKTOP-FF6Q8S9" failures="0" tests="1" name="com.orangeHRM.qa.tests.HomePageTest" time="0.173" errors="0" timestamp="13 Jan 2021 00:04:47 GMT" skipped="0">
  <testcase classname="com.orangeHRM.qa.tests.HomePageTest" name="dasboardPage" time="0.173"/>
</testsuite> <!-- com.orangeHRM.qa.tests.HomePageTest -->
