<?xml version="1.0" encoding="UTF-8"?>
<!-- Generated by org.testng.reporters.JUnitReportReporter -->
<testsuite hostname="DESKTOP-FF6Q8S9" failures="0" tests="1" name="com.orangeHRM.qa.tests.HomePageTest" time="0.214" errors="0" timestamp="12 Jan 2021 23:19:59 GMT" skipped="0">
  <testcase classname="com.orangeHRM.qa.tests.HomePageTest" name="dasboardPage" time="0.214"/>
</testsuite> <!-- com.orangeHRM.qa.tests.HomePageTest -->
