<?xml version="1.0" encoding="UTF-8"?>
<!-- Generated by org.testng.reporters.JUnitReportReporter -->
<testsuite skipped="1" hostname="DESKTOP-FF6Q8S9" name="com.orangeHRM.qa.tests.HomePageTest" tests="1" failures="0" timestamp="18 Jan 2021 21:50:27 GMT" time="0.000" errors="0">
  <testcase name="dasboardPage" time="0.000" classname="com.orangeHRM.qa.tests.HomePageTest">
    <skipped/>
  </testcase> <!-- dasboardPage -->
</testsuite> <!-- com.orangeHRM.qa.tests.HomePageTest -->
