<?xml version="1.0" encoding="UTF-8"?>
<!-- Generated by org.testng.reporters.JUnitReportReporter -->
<testsuite skipped="4" hostname="DESKTOP-FF6Q8S9" name="com.orangeHRM.qa.tests.LoginPageTest" tests="4" failures="0" timestamp="18 Jan 2021 21:50:27 GMT" time="0.000" errors="0">
  <testcase name="footerlinkTest" time="0.000" classname="com.orangeHRM.qa.tests.LoginPageTest">
    <skipped/>
  </testcase> <!-- footerlinkTest -->
  <testcase name="LoginErrMsgTest" time="0.000" classname="com.orangeHRM.qa.tests.LoginPageTest">
    <skipped/>
  </testcase> <!-- LoginErrMsgTest -->
  <testcase name="incorrectUsrPwdTest" time="0.000" classname="com.orangeHRM.qa.tests.LoginPageTest">
    <skipped/>
  </testcase> <!-- incorrectUsrPwdTest -->
  <testcase name="titleTest" time="0.000" classname="com.orangeHRM.qa.tests.LoginPageTest">
    <skipped/>
  </testcase> <!-- titleTest -->
</testsuite> <!-- com.orangeHRM.qa.tests.LoginPageTest -->
